Build started 27/05/2013 4:14:56 PM.
     1>Project "C:\Tuts\snort-2.9.4.6\src\dynamic-preprocessors\sf_dynamic_initialize\sf_dynamic_initialize.vcxproj" on node 2 (build target(s)).
     1>InitializeBuildStatus:
         Creating ".\Debug\sf_dynamic_initialize.unsuccessfulbuild" because "AlwaysCreate" was specified.
       CustomBuild:
         A subdirectory or file ..\include already exists.
         Performing Custom Build Tools
                 1 file(s) copied.
         Performing Custom Build Tools
         A subdirectory or file ..\include already exists.
                 1 file(s) copied.
         Performing Custom Build Tools
         A subdirectory or file ..\include already exists.
                 1 file(s) copied.
         Performing Custom Build Tools
         A subdirectory or file ..\include already exists.
                 1 file(s) copied.
         Performing Custom Build Tools
                 1 file(s) copied.
         Performing Custom Build Tools
         A subdirectory or file ..\include already exists.
                 1 file(s) copied.
         Performing Custom Build Tools
         A subdirectory or file ..\include already exists.
                 1 file(s) copied.
         Performing Custom Build Tools
                 1 file(s) copied.
         A subdirectory or file ..\include already exists.
         A subdirectory or file ..\include already exists.
         Performing Custom Build Tools
                 1 file(s) copied.
         Performing Custom Build Tools
         A subdirectory or file ..\include already exists.
                 1 file(s) copied.
         A subdirectory or file ..\include already exists.
         Performing Custom Build Tools
                 1 file(s) copied.
         Performing Custom Build Tools
         A subdirectory or file ..\include already exists.
                 1 file(s) copied.
         Performing Custom Build Tools
         A subdirectory or file ..\include already exists.
                 1 file(s) copied.
         Performing Custom Build Tools
         A subdirectory or file ..\include already exists.
                 1 file(s) copied.
         A subdirectory or file ..\include already exists.
         Performing Custom Build Tools
         A subdirectory or file ..\include already exists.
                 1 file(s) copied.
         Performing Custom Build Tools
         A subdirectory or file ..\include already exists.
                 1 file(s) copied.
         Performing Custom Build Tools
         A subdirectory or file ..\include already exists.
                 1 file(s) copied.
         Performing Custom Build Tools
         A subdirectory or file ..\include already exists.
                 1 file(s) copied.
         Performing Custom Build Tools
         A subdirectory or file ..\include already exists.
                 1 file(s) copied.
         Performing Custom Build Tools
                 1 file(s) copied.
         Performing Custom Build Tools
         A subdirectory or file ..\include already exists.
                 1 file(s) copied.
         Performing Custom Build Tools
         A subdirectory or file ..\include already exists.
                 1 file(s) copied.
         Performing Custom Build Tools
         A subdirectory or file ..\include already exists.
                 1 file(s) copied.
         Performing Custom Build Tools
         A subdirectory or file ..\include already exists.
                 1 file(s) copied.
         Performing Custom Build Tools
         A subdirectory or file ..\include already exists.
                 1 file(s) copied.
         Performing Custom Build Tools
         A subdirectory or file ..\include already exists.
                 1 file(s) copied.
         Performing Custom Build Tools
         A subdirectory or file ..\include already exists.
                 1 file(s) copied.
         Performing Custom Build Tools
         A subdirectory or file ..\include already exists.
                 1 file(s) copied.
         Performing Custom Build Tools
         A subdirectory or file ..\include already exists.
                 1 file(s) copied.
         Performing Custom Build Tools
         A subdirectory or file ..\include already exists.
                 1 file(s) copied.
         Performing Custom Build Tools
         A subdirectory or file ..\include already exists.
                 1 file(s) copied.
         Performing Custom Build Tools
         A subdirectory or file ..\include already exists.
                 1 file(s) copied.
         Performing Custom Build Tools
         A subdirectory or file ..\include already exists.
                 1 file(s) copied.
         Performing Custom Build Tools
         A subdirectory or file ..\include already exists.
                 1 file(s) copied.
         Performing Custom Build Tools
         A subdirectory or file ..\include already exists.
                 1 file(s) copied.
         Performing Custom Build Tools
         A subdirectory or file ..\include already exists.
                 1 file(s) copied.
         Performing Custom Build Tools
         A subdirectory or file ..\include already exists.
                 1 file(s) copied.
         Performing Custom Build Tools
         A subdirectory or file ..\include already exists.
                 1 file(s) copied.
         Performing Custom Build Tools
         A subdirectory or file ..\include already exists.
                 1 file(s) copied.
         Performing Custom Build Tools
         A subdirectory or file ..\include already exists.
                 1 file(s) copied.
         Performing Custom Build Tools
         A subdirectory or file ..\include already exists.
                 1 file(s) copied.
         Performing Custom Build Tools
         A subdirectory or file ..\include already exists.
                 1 file(s) copied.
         Performing Custom Build Tools
         A subdirectory or file ..\include already exists.
                 1 file(s) copied.
     1>CUSTOMBUILD : cygwin warning : 
           MS-DOS style path detected: ..\treenodes.sed
           Preferred POSIX equivalent is: ../treenodes.sed
           CYGWIN environment variable option "nodosfilewarning" turns off this warning.
           Consult the user's guide for more details about POSIX paths:
             http://cygwin.com/cygwin-ug-net/using.html#using-pathnames
         Performing Custom Build Tools
         A subdirectory or file ..\include already exists.
                 1 file(s) copied.
         Performing Custom Build Tools
         A subdirectory or file ..\include already exists.
                 1 file(s) copied.
         Performing Custom Build Tools
         A subdirectory or file ..\include already exists.
                 1 file(s) copied.
         Performing Custom Build Tools
         A subdirectory or file ..\include already exists.
                 1 file(s) copied.
         Performing Custom Build Tools
         A subdirectory or file ..\include already exists.
                 1 file(s) copied.
     1>CUSTOMBUILD : cygwin warning : 
           MS-DOS style path detected: ..\treenodes.sed
           Preferred POSIX equivalent is: ../treenodes.sed
           CYGWIN environment variable option "nodosfilewarning" turns off this warning.
           Consult the user's guide for more details about POSIX paths:
             http://cygwin.com/cygwin-ug-net/using.html#using-pathnames
         Performing Custom Build Tools
         A subdirectory or file ..\include already exists.
                 1 file(s) copied.
         Performing Custom Build Tools
         A subdirectory or file ..\include already exists.
                 1 file(s) copied.
         Performing Custom Build Tools
         A subdirectory or file ..\include already exists.
                 1 file(s) copied.
         Performing Custom Build Tools
         A subdirectory or file ..\include already exists.
                 1 file(s) copied.
         Performing Custom Build Tools
         A subdirectory or file ..\include already exists.
                 1 file(s) copied.
         Performing Custom Build Tools
         A subdirectory or file ..\include already exists.
                 1 file(s) copied.
         Performing Custom Build Tools
         A subdirectory or file ..\include already exists.
                 1 file(s) copied.
         Performing Custom Build Tools
         A subdirectory or file ..\include already exists.
                 1 file(s) copied.
         Performing Custom Build Tools
         A subdirectory or file ..\include already exists.
                 1 file(s) copied.
         Performing Custom Build Tools
         A subdirectory or file ..\include already exists.
                 1 file(s) copied.
         A subdirectory or file ..\include already exists.
         Performing Custom Build Tools
                 1 file(s) copied.
         Performing Custom Build Tools
         A subdirectory or file ..\include already exists.
                 1 file(s) copied.
         Performing Custom Build Tools
         A subdirectory or file ..\include already exists.
                 1 file(s) copied.
         A subdirectory or file ..\include already exists.
         Performing Custom Build Tools
         A subdirectory or file ..\include already exists.
                 1 file(s) copied.
         Performing Custom Build Tools
         A subdirectory or file ..\include already exists.
                 1 file(s) copied.
         Performing Custom Build Tools
         A subdirectory or file ..\include already exists.
                 1 file(s) copied.
         Performing Custom Build Tools
         A subdirectory or file ..\include already exists.
                 1 file(s) copied.
         Performing Custom Build Tools
         A subdirectory or file ..\include already exists.
                 1 file(s) copied.
         Performing Custom Build Tools
                 1 file(s) copied.
       FinalizeBuildStatus:
         Deleting file ".\Debug\sf_dynamic_initialize.unsuccessfulbuild".
         Touching ".\Debug\sf_dynamic_initialize.lastbuildstate".
     1>Done Building Project "C:\Tuts\snort-2.9.4.6\src\dynamic-preprocessors\sf_dynamic_initialize\sf_dynamic_initialize.vcxproj" (build target(s)).

Build succeeded.

Time Elapsed 00:00:04.26
